  main.cpp
C:\github\universtiy_c++\ex.260408\ex.260408\main.cpp(10,9): warning C4477: 'printf' : 서식 문자열 '%d'에 'int' 형식의 인수가 필요하지만 variadic 인수 1의 형식이 'size_t'입니다.
      C:\github\universtiy_c++\ex.260408\ex.260408\main.cpp(10,9):
      서식 문자열에서 '%zd'을(를) 사용하는 것이 좋습니다.
  
C:\github\universtiy_c++\ex.260408\ex.260408\main.cpp(10,9): warning C4477: 'printf' : 서식 문자열 '%d'에 'int' 형식의 인수가 필요하지만 variadic 인수 2의 형식이 'size_t'입니다.
      C:\github\universtiy_c++\ex.260408\ex.260408\main.cpp(10,9):
      서식 문자열에서 '%zd'을(를) 사용하는 것이 좋습니다.
  
C:\github\universtiy_c++\ex.260408\ex.260408\main.cpp(10,9): warning C4477: 'printf' : 서식 문자열 '%d'에 'int' 형식의 인수가 필요하지만 variadic 인수 3의 형식이 'size_t'입니다.
      C:\github\universtiy_c++\ex.260408\ex.260408\main.cpp(10,9):
      서식 문자열에서 '%zd'을(를) 사용하는 것이 좋습니다.
  
C:\github\universtiy_c++\ex.260408\ex.260408\main.cpp(11,9): warning C4477: 'printf' : 서식 문자열 '%d'에 'int' 형식의 인수가 필요하지만 variadic 인수 1의 형식이 'size_t'입니다.
      C:\github\universtiy_c++\ex.260408\ex.260408\main.cpp(11,9):
      서식 문자열에서 '%zd'을(를) 사용하는 것이 좋습니다.
  
C:\github\universtiy_c++\ex.260408\ex.260408\main.cpp(11,9): warning C4477: 'printf' : 서식 문자열 '%d'에 'int' 형식의 인수가 필요하지만 variadic 인수 2의 형식이 'size_t'입니다.
      C:\github\universtiy_c++\ex.260408\ex.260408\main.cpp(11,9):
      서식 문자열에서 '%zd'을(를) 사용하는 것이 좋습니다.
  
C:\github\universtiy_c++\ex.260408\ex.260408\main.cpp(11,9): warning C4477: 'printf' : 서식 문자열 '%d'에 'int' 형식의 인수가 필요하지만 variadic 인수 3의 형식이 'size_t'입니다.
      C:\github\universtiy_c++\ex.260408\ex.260408\main.cpp(11,9):
      서식 문자열에서 '%zd'을(를) 사용하는 것이 좋습니다.
  
  ex.260408.vcxproj -> C:\github\universtiy_c++\ex.260408\x64\Debug\ex.260408.exe
